Script invoked
Starting Gesture Controller (camera=0, verbose=False)
Script invoked
Starting Gesture Controller (camera=0, verbose=False)
Script invoked
Version check failed: Incompatible Python version detected: 3.8.20 (default, Oct  3 2024, 15:19:54) [MSC v.1929 64 bit (AMD64)]. MediaPipe (recent releases) uses modern typing features and requires Python 3.9+.
Please upgrade Python (3.9+) or create a new virtual environment with Python 3.9+/3.10+.
Example (conda): conda create -n gest39 python=3.10 -y && conda activate gest39 && pip install -r requirements.txt
Example (venv): python -m venv .venv && .\.venv\Scriptsctivate && pip install -r requirements.txt
Script invoked
mediapipe appears to be installed but does not expose 'mp.solutions'.
This usually indicates a broken or incompatible build. Try:
  python -m pip uninstall mediapipe -y
  python -m pip install mediapipe==0.10.5 protobuf -U
If pip fails on Windows, try: pip install --upgrade pip setuptools wheel and then retry, or use 'pipwin' to install dependencies.

Import-time error:
Traceback (most recent call last):
  File "C:\Users\Himanshu\Desktop\gesture mouse\Gesture_Controller.py", line 54, in <module>
    raise ImportError(msg)
ImportError: mediapipe appears to be installed but does not expose 'mp.solutions'.
This usually indicates a broken or incompatible build. Try:
  python -m pip uninstall mediapipe -y
  python -m pip install mediapipe==0.10.5 protobuf -U
If pip fails on Windows, try: pip install --upgrade pip setuptools wheel and then retry, or use 'pipwin' to install dependencies.

Script invoked
mediapipe appears to be installed but does not expose 'mp.solutions'.
This usually indicates a broken or incompatible build. Try:
  python -m pip uninstall mediapipe -y
  python -m pip install mediapipe==0.10.5 protobuf -U
If pip fails on Windows, try: pip install --upgrade pip setuptools wheel and then retry, or use 'pipwin' to install dependencies.

Import-time error:
Traceback (most recent call last):
  File "C:\Users\Himanshu\Desktop\gesture mouse\Gesture_Controller.py", line 54, in <module>
    raise ImportError(msg)
ImportError: mediapipe appears to be installed but does not expose 'mp.solutions'.
This usually indicates a broken or incompatible build. Try:
  python -m pip uninstall mediapipe -y
  python -m pip install mediapipe==0.10.5 protobuf -U
If pip fails on Windows, try: pip install --upgrade pip setuptools wheel and then retry, or use 'pipwin' to install dependencies.

Script invoked
list-cameras requested (max probe 8)
list-cameras completed
Script invoked
Starting Gesture Controller (camera=0, verbose=False)
Script invoked
Starting Gesture Controller (camera=0, verbose=False)
Script invoked
Starting Gesture Controller (camera=0, verbose=False)
Script invoked
Starting Gesture Controller (camera=0, verbose=False)
Script invoked
Starting Gesture Controller (camera=0, verbose=False)
Script invoked
Import-time error:
Traceback (most recent call last):
  File "C:\Users\Himanshu\Desktop\gesture mouse\Gesture_Controller.py", line 32, in <module>
    import mediapipe as mp
ModuleNotFoundError: No module named 'mediapipe'
Script invoked
Starting Gesture Controller (camera=0, verbose=False)
Script invoked
Starting Gesture Controller (camera=0, verbose=False)
Script invoked
Starting Gesture Controller (camera=0, verbose=False)
Script invoked
Starting Gesture Controller (camera=0, verbose=False)
Script invoked
Starting Gesture Controller (camera=0, verbose=False)
Script invoked
Script invoked
Script invoked
Script invoked
Script invoked
Script invoked
Script invoked
Script invoked
Script invoked
Script invoked
Script invoked
Script invoked
Script invoked
Script invoked
Script invoked
Script invoked
mediapipe appears to be installed but does not expose 'mp.solutions'.
This usually indicates a broken or incompatible build. Try:
  python -m pip uninstall mediapipe -y
  python -m pip install mediapipe==0.10.5 protobuf -U
If pip fails on Windows, try: pip install --upgrade pip setuptools wheel and then retry, or use 'pipwin' to install dependencies.

Import-time error:
Traceback (most recent call last):
  File "/Users/himanshu/Desktop/final project/gesture-mouse/Gesture_Controller.py", line 54, in <module>
    raise ImportError(msg)
ImportError: mediapipe appears to be installed but does not expose 'mp.solutions'.
This usually indicates a broken or incompatible build. Try:
  python -m pip uninstall mediapipe -y
  python -m pip install mediapipe==0.10.5 protobuf -U
If pip fails on Windows, try: pip install --upgrade pip setuptools wheel and then retry, or use 'pipwin' to install dependencies.

Script invoked
list-cameras requested (max probe 8)
list-cameras completed
Script invoked
Starting Gesture Controller (camera=0, verbose=False)
Script invoked
Script invoked
Script invoked
Script invoked
Script invoked
Script invoked
Script invoked
Script invoked
Script invoked
Script invoked
Script invoked
Script invoked
Script invoked
Starting Gesture Controller (camera=0, verbose=False)
Script invoked
Starting Gesture Controller (camera=0, verbose=False)
Script invoked
Script invoked
Script invoked
Script invoked
Script invoked
Script invoked
Script invoked
Script invoked
Script invoked
Script invoked
Script invoked
Script invoked
Script invoked
Script invoked
Script invoked
Script invoked
Script invoked
Script invoked
Script invoked
Script invoked
Script invoked
Script invoked
Script invoked
Script invoked
